16:09:23.755 DEBUG log4j2tutorial.LoggingDemo -Debug message
16:09:23.766 INFO  log4j2tutorial.LoggingDemo -Info message
16:09:23.766 WARN  log4j2tutorial.LoggingDemo -Warn message
16:09:23.766 ERROR log4j2tutorial.LoggingDemo -Error message
16:09:23.766 FATAL log4j2tutorial.LoggingDemo -Fatal message
16:09:39.212 TRACE log4j2tutorial.LoggingDemo -Trace message
16:09:39.216 DEBUG log4j2tutorial.LoggingDemo -Debug message
16:09:39.216 INFO  log4j2tutorial.LoggingDemo -Info message
16:09:39.216 WARN  log4j2tutorial.LoggingDemo -Warn message
16:09:39.216 ERROR log4j2tutorial.LoggingDemo -Error message
16:09:39.216 FATAL log4j2tutorial.LoggingDemo -Fatal message
16:28:42.110 TRACE log4j2tutorial.LoggingDemo -Trace message
16:28:42.113 DEBUG log4j2tutorial.LoggingDemo -Debug message
16:28:42.113 INFO  log4j2tutorial.LoggingDemo -Info message
16:28:42.114 WARN  log4j2tutorial.LoggingDemo -Warn message
16:28:42.114 ERROR log4j2tutorial.LoggingDemo -Error message
16:28:42.114 FATAL log4j2tutorial.LoggingDemo -Fatal message
16:28:59.849 TRACE log4j2tutorial.LoggingDemo -Trace message
16:28:59.853 DEBUG log4j2tutorial.LoggingDemo -Debug message
16:28:59.853 INFO  log4j2tutorial.LoggingDemo -Info message
16:28:59.853 WARN  log4j2tutorial.LoggingDemo -Warn message
16:28:59.853 ERROR log4j2tutorial.LoggingDemo -Error message
16:28:59.853 FATAL log4j2tutorial.LoggingDemo -Fatal message
16:29:12.857 TRACE log4j2tutorial.LoggingDemo -Trace message
16:29:12.860 DEBUG log4j2tutorial.LoggingDemo -Debug message
16:29:12.861 INFO  log4j2tutorial.LoggingDemo -Info message
16:29:12.861 WARN  log4j2tutorial.LoggingDemo -Warn message
16:29:12.861 ERROR log4j2tutorial.LoggingDemo -Error message
16:29:12.861 FATAL log4j2tutorial.LoggingDemo -Fatal message
16:29:35.653 TRACE log4j2tutorial.LoggingDemo -Trace message
16:29:35.657 DEBUG log4j2tutorial.LoggingDemo -Debug message
16:29:35.657 INFO  log4j2tutorial.LoggingDemo -Info message
16:29:35.657 WARN  log4j2tutorial.LoggingDemo -Warn message
16:29:35.657 ERROR log4j2tutorial.LoggingDemo -Error message
16:29:35.657 FATAL log4j2tutorial.LoggingDemo -Fatal message
16:38:46.479 TRACE log4j2tutorial.LoggingDemo -Trace message
16:38:46.484 DEBUG log4j2tutorial.LoggingDemo -Debug message
16:38:46.484 INFO  log4j2tutorial.LoggingDemo -Info message
16:38:46.484 WARN  log4j2tutorial.LoggingDemo -Warn message
16:38:46.484 ERROR log4j2tutorial.LoggingDemo -Error message
16:38:46.484 FATAL log4j2tutorial.LoggingDemo -Fatal message
17:12:06.511 TRACE log4j2tutorial.LoggingDemo -Trace message
17:12:06.515 DEBUG log4j2tutorial.LoggingDemo -Debug message
17:12:06.515 INFO  log4j2tutorial.LoggingDemo -Info message
17:12:06.515 WARN  log4j2tutorial.LoggingDemo -Warn message
17:12:06.515 ERROR log4j2tutorial.LoggingDemo -Error message
17:12:06.516 FATAL log4j2tutorial.LoggingDemo -Fatal message
17:13:52.294 TRACE log4j2tutorial.LoggingDemo -Trace message
17:13:52.297 DEBUG log4j2tutorial.LoggingDemo -Debug message
17:13:52.298 INFO  log4j2tutorial.LoggingDemo -Info message
17:13:52.298 WARN  log4j2tutorial.LoggingDemo -Warn message
17:13:52.298 ERROR log4j2tutorial.LoggingDemo -Error message
17:13:52.298 FATAL log4j2tutorial.LoggingDemo -Fatal message
17:14:04.813 TRACE log4j2tutorial.LoggingDemo -Trace message
17:14:04.817 DEBUG log4j2tutorial.LoggingDemo -Debug message
17:14:04.817 INFO  log4j2tutorial.LoggingDemo -Info message
17:14:04.817 WARN  log4j2tutorial.LoggingDemo -Warn message
17:14:04.818 ERROR log4j2tutorial.LoggingDemo -Error message
17:14:04.818 FATAL log4j2tutorial.LoggingDemo -Fatal message
