12:16:11.738 DEBUG demo.LoggingDemo -Debug message logged
12:16:11.764 INFO  demo.LoggingDemo -Info message logged
12:16:11.764 ERROR demo.LoggingDemo -Error message logged
12:16:11.764 FATAL demo.LoggingDemo -Fatal message logged
12:17:25.787 DEBUG demo.LoggingDemo -Debug message logged
12:17:25.791 INFO  demo.LoggingDemo -Info message logged
12:17:25.791 ERROR demo.LoggingDemo -Error message logged
12:17:25.791 FATAL demo.LoggingDemo -Fatal message logged
12:17:47.053 DEBUG demo.LoggingDemo -Debug message logged
12:17:47.056 INFO  demo.LoggingDemo -Info message logged
12:17:47.057 ERROR demo.LoggingDemo -Error message logged
12:17:47.057 FATAL demo.LoggingDemo -Fatal message logged
12:21:10.170 DEBUG demo.LoggingDemo -Debug message logged
12:21:10.173 ERROR demo.LoggingDemo -Error message logged
12:21:10.173 FATAL demo.LoggingDemo -Fatal message logged
12:22:28.864 DEBUG demo.LoggingDemo -Debug message logged
12:22:28.868 ERROR demo.LoggingDemo -Error message logged
12:22:28.868 FATAL demo.LoggingDemo -Fatal message logged
12:23:46.823 DEBUG demo.LoggingConsole -Debug message logged
12:23:46.827 ERROR demo.LoggingConsole -Error message logged
12:23:46.827 FATAL demo.LoggingConsole -Fatal message logged
12:38:00.727 DEBUG demo.LoggingDemo -Debug message logged
12:38:00.731 ERROR demo.LoggingDemo -Error message logged
12:38:00.731 FATAL demo.LoggingDemo -Fatal message logged
